2016-04-11 08:29:14,755 [Thread-2:2900] [blog.views:10] [views:index] [ERROR]- [Errno 2] No such file or directory: 'aaa.txt'
2016-04-11 08:33:41,536 [Thread-13:3160] [blog.views:10] [views:index] [ERROR]- [Errno 2] No such file or directory: 'aaa.txt'
2016-04-11 09:28:35,490 [Thread-2:11584] [blog.views:15] [views:index] [ERROR]- [Errno 2] No such file or directory: 'aaa.txt'
2016-04-11 09:33:07,345 [Thread-12:8616] [blog.views:15] [views:index] [ERROR]- [Errno 2] No such file or directory: 'aaa.txt'
2016-04-11 09:33:50,322 [Thread-39:9968] [blog.views:15] [views:index] [ERROR]- [Errno 2] No such file or directory: 'aaa.txt'
2016-04-11 09:33:54,448 [Thread-49:8576] [blog.views:15] [views:index] [ERROR]- [Errno 2] No such file or directory: 'aaa.txt'
2016-04-11 09:34:22,969 [Thread-59:4712] [blog.views:15] [views:index] [ERROR]- [Errno 2] No such file or directory: 'aaa.txt'
2016-04-11 09:38:09,266 [Thread-70:7360] [blog.views:15] [views:index] [ERROR]- [Errno 2] No such file or directory: 'aaa.txt'
2016-04-11 18:18:37,273 [Thread-2:1448] [blog.views:15] [views:index] [ERROR]- [Errno 2] No such file or directory: 'aaa.txt'
2016-04-12 08:05:24,443 [Thread-2:10260] [blog.views:15] [views:index] [ERROR]- [Errno 2] No such file or directory: 'aaa.txt'

2016-04-14 20:56:08,494 [Thread-12:2396] [blog.views:51] [views:archive] [ERROR]- Cannot resolve keyword 'date_publish_icontains' into field. Choices are: category, category_id, click_count, comment, content, date_publish, desc, id, is_recommend, tag, title, user, user_id
2016-04-14 20:59:21,270 [Thread-36:5692] [blog.views:51] [views:archive] [ERROR]- Cannot resolve keyword 'date_publish_icontains' into field. Choices are: category, category_id, click_count, comment, content, date_publish, desc, id, is_recommend, tag, title, user, user_id
2016-04-14 21:02:10,407 [Thread-2:10144] [blog.views:53] [views:archive] [ERROR]- Cannot resolve keyword 'date_publish_icontains' into field. Choices are: category, category_id, click_count, comment, content, date_publish, desc, id, is_recommend, tag, title, user, user_id
2016-04-14 21:02:45,013 [Thread-3:1392] [blog.views:55] [views:archive] [ERROR]- Cannot resolve keyword 'date_publish_icontains' into field. Choices are: category, category_id, click_count, comment, content, date_publish, desc, id, is_recommend, tag, title, user, user_id
2016-04-14 21:02:50,832 [Thread-8:6800] [blog.views:55] [views:archive] [ERROR]- Cannot resolve keyword 'date_publish_icontains' into field. Choices are: category, category_id, click_count, comment, content, date_publish, desc, id, is_recommend, tag, title, user, user_id
2016-04-15 08:44:31,588 [Thread-15:5408] [blog.views:52] [views:archive] [ERROR]- Cannot resolve keyword 'date_publish_icontains' into field. Choices are: category, category_id, click_count, comment, content, date_publish, desc, id, is_recommend, tag, title, user, user_id
2016-04-15 09:09:13,040 [Thread-2:6744] [blog.views:32] [views:index] [ERROR]- getPage() takes exactly 2 arguments (1 given)
2016-04-15 09:11:23,257 [Thread-2:3288] [blog.views:31] [views:index] [ERROR]- getPage() takes exactly 2 arguments (1 given)
2016-04-15 09:26:05,086 [Thread-16:7196] [blog.views:43] [views:archive] [ERROR]- Cannot resolve keyword 'date_publish_icontains' into field. Choices are: category, category_id, click_count, comment, content, date_publish, desc, id, is_recommend, tag, title, user, user_id
2016-04-15 09:26:08,246 [Thread-17:848] [blog.views:43] [views:archive] [ERROR]- Cannot resolve keyword 'date_publish_icontains' into field. Choices are: category, category_id, click_count, comment, content, date_publish, desc, id, is_recommend, tag, title, user, user_id
2016-04-15 09:26:22,365 [Thread-24:7988] [blog.views:43] [views:archive] [ERROR]- Cannot resolve keyword 'date_publish_icontains' into field. Choices are: category, category_id, click_count, comment, content, date_publish, desc, id, is_recommend, tag, title, user, user_id
2016-04-15 09:26:25,065 [Thread-25:5100] [blog.views:43] [views:archive] [ERROR]- Cannot resolve keyword 'date_publish_icontains' into field. Choices are: category, category_id, click_count, comment, content, date_publish, desc, id, is_recommend, tag, title, user, user_id
2016-04-16 18:47:15,976 [Thread-30:6204] [blog.views:52] [views:archive] [ERROR]- Cannot resolve keyword 'date_publish_icontains' into field. Choices are: category, category_id, click_count, comment, content, date_publish, desc, id, is_recommend, tag, title, user, user_id
2016-04-16 18:47:16,176 [Thread-31:5948] [blog.views:52] [views:archive] [ERROR]- Cannot resolve keyword 'date_publish_icontains' into field. Choices are: category, category_id, click_count, comment, content, date_publish, desc, id, is_recommend, tag, title, user, user_id
2016-04-16 18:47:33,572 [Thread-32:2180] [blog.views:52] [views:archive] [ERROR]- Cannot resolve keyword 'date_publish_icontains' into field. Choices are: category, category_id, click_count, comment, content, date_publish, desc, id, is_recommend, tag, title, user, user_id
2016-04-16 18:47:39,112 [Thread-33:5572] [blog.views:52] [views:archive] [ERROR]- Cannot resolve keyword 'date_publish_icontains' into field. Choices are: category, category_id, click_count, comment, content, date_publish, desc, id, is_recommend, tag, title, user, user_id
2016-04-16 18:47:48,650 [Thread-34:1060] [blog.views:52] [views:archive] [ERROR]- Cannot resolve keyword 'date_publish_icontains' into field. Choices are: category, category_id, click_count, comment, content, date_publish, desc, id, is_recommend, tag, title, user, user_id
2016-04-16 18:48:04,275 [Thread-41:7380] [blog.views:52] [views:archive] [ERROR]- Cannot resolve keyword 'date_publish_icontains' into field. Choices are: category, category_id, click_count, comment, content, date_publish, desc, id, is_recommend, tag, title, user, user_id
2016-04-16 18:48:23,687 [Thread-48:1672] [blog.views:52] [views:archive] [ERROR]- Cannot resolve keyword 'date_publish_icontains' into field. Choices are: category, category_id, click_count, comment, content, date_publish, desc, id, is_recommend, tag, title, user, user_id
2016-04-16 18:52:39,323 [Thread-2:7700] [blog.views:52] [views:archive] [ERROR]- Cannot resolve keyword 'date_publish_icontains' into field. Choices are: category, category_id, click_count, comment, content, date_publish, desc, id, is_recommend, tag, title, user, user_id
2016-04-16 18:54:21,713 [Thread-2:2672] [blog.views:52] [views:archive] [ERROR]- Cannot resolve keyword 'date_publish_icontains' into field. Choices are: category, category_id, click_count, comment, content, date_publish, desc, id, is_recommend, tag, title, user, user_id
2016-04-16 18:54:26,289 [Thread-3:6624] [blog.views:52] [views:archive] [ERROR]- Cannot resolve keyword 'date_publish_icontains' into field. Choices are: category, category_id, click_count, comment, content, date_publish, desc, id, is_recommend, tag, title, user, user_id
2016-04-16 18:54:32,153 [Thread-4:5388] [blog.views:52] [views:archive] [ERROR]- Cannot resolve keyword 'date_publish_icontains' into field. Choices are: category, category_id, click_count, comment, content, date_publish, desc, id, is_recommend, tag, title, user, user_id
2016-04-16 18:54:46,884 [Thread-11:6128] [blog.views:52] [views:archive] [ERROR]- Cannot resolve keyword 'date_publish_icontains' into field. Choices are: category, category_id, click_count, comment, content, date_publish, desc, id, is_recommend, tag, title, user, user_id
2016-04-16 18:55:19,282 [Thread-12:2640] [blog.views:52] [views:archive] [ERROR]- Cannot resolve keyword 'date_publish_icontains' into field. Choices are: category, category_id, click_count, comment, content, date_publish, desc, id, is_recommend, tag, title, user, user_id
2016-04-16 18:55:32,019 [Thread-13:4264] [blog.views:52] [views:archive] [ERROR]- Cannot resolve keyword 'date_publish_icontains' into field. Choices are: category, category_id, click_count, comment, content, date_publish, desc, id, is_recommend, tag, title, user, user_id
2016-04-16 18:55:44,424 [Thread-20:3044] [blog.views:52] [views:archive] [ERROR]- Cannot resolve keyword 'date_publish_icontains' into field. Choices are: category, category_id, click_count, comment, content, date_publish, desc, id, is_recommend, tag, title, user, user_id
2016-04-16 18:55:57,331 [Thread-27:5132] [blog.views:52] [views:archive] [ERROR]- Cannot resolve keyword 'date_publish_icontains' into field. Choices are: category, category_id, click_count, comment, content, date_publish, desc, id, is_recommend, tag, title, user, user_id
2016-04-16 18:58:07,128 [Thread-34:3028] [blog.views:52] [views:archive] [ERROR]- Cannot resolve keyword 'date_publish_icontains' into field. Choices are: category, category_id, click_count, comment, content, date_publish, desc, id, is_recommend, tag, title, user, user_id
2016-04-16 18:58:11,183 [Thread-41:7964] [blog.views:52] [views:archive] [ERROR]- Cannot resolve keyword 'date_publish_icontains' into field. Choices are: category, category_id, click_count, comment, content, date_publish, desc, id, is_recommend, tag, title, user, user_id
2016-04-16 18:58:29,680 [Thread-42:4664] [blog.views:52] [views:archive] [ERROR]- Cannot resolve keyword 'date_publish_icontains' into field. Choices are: category, category_id, click_count, comment, content, date_publish, desc, id, is_recommend, tag, title, user, user_id
2016-04-16 18:58:38,417 [Thread-49:2816] [blog.views:52] [views:archive] [ERROR]- Cannot resolve keyword 'date_publish_icontains' into field. Choices are: category, category_id, click_count, comment, content, date_publish, desc, id, is_recommend, tag, title, user, user_id
2016-04-16 18:58:47,769 [Thread-56:5148] [blog.views:52] [views:archive] [ERROR]- Cannot resolve keyword 'date_publish_icontains' into field. Choices are: category, category_id, click_count, comment, content, date_publish, desc, id, is_recommend, tag, title, user, user_id
2016-04-16 18:58:51,161 [Thread-57:5540] [blog.views:52] [views:archive] [ERROR]- Cannot resolve keyword 'date_publish_icontains' into field. Choices are: category, category_id, click_count, comment, content, date_publish, desc, id, is_recommend, tag, title, user, user_id
2016-04-16 18:58:59,200 [Thread-58:2180] [blog.views:52] [views:archive] [ERROR]- Cannot resolve keyword 'date_publish_icontains' into field. Choices are: category, category_id, click_count, comment, content, date_publish, desc, id, is_recommend, tag, title, user, user_id
2016-04-16 18:59:09,325 [Thread-59:3240] [blog.views:52] [views:archive] [ERROR]- Cannot resolve keyword 'date_publish_icontains' into field. Choices are: category, category_id, click_count, comment, content, date_publish, desc, id, is_recommend, tag, title, user, user_id
2016-04-16 19:01:57,421 [Thread-26:6500] [blog.views:52] [views:archive] [ERROR]- unsupported operand type(s) for +: 'NoneType' and 'str'
2016-04-16 19:02:03,180 [Thread-27:6672] [blog.views:52] [views:archive] [ERROR]- unsupported operand type(s) for +: 'NoneType' and 'str'
2016-04-17 11:03:38,367 [Thread-17:728] [blog.views:56] [views:archive] [ERROR]- unsupported operand type(s) for +: 'NoneType' and 'str'
2016-04-17 11:03:55,128 [Thread-19:8620] [blog.views:56] [views:archive] [ERROR]- unsupported operand type(s) for +: 'NoneType' and 'str'
2016-04-17 11:06:23,104 [Thread-42:8660] [blog.views:98] [views:article] [ERROR]- invalid literal for int() with base 10: 'article.id'
2016-04-17 11:06:58,829 [Thread-43:5312] [blog.views:98] [views:article] [ERROR]- invalid literal for int() with base 10: 'article.id'
2016-04-17 12:52:28,891 [Thread-23:732] [blog.views:57] [views:archive] [ERROR]- unsupported operand type(s) for +: 'NoneType' and 'str'
2016-04-17 12:52:35,980 [Thread-24:4308] [blog.views:57] [views:archive] [ERROR]- unsupported operand type(s) for +: 'NoneType' and 'str'
2016-04-17 12:52:38,984 [Thread-25:4620] [blog.views:57] [views:archive] [ERROR]- unsupported operand type(s) for +: 'NoneType' and 'str'
2016-04-17 12:54:57,214 [Thread-47:3304] [blog.views:57] [views:archive] [ERROR]- unsupported operand type(s) for +: 'NoneType' and 'str'
2016-04-17 12:54:59,591 [Thread-48:9320] [blog.views:57] [views:archive] [ERROR]- unsupported operand type(s) for +: 'NoneType' and 'str'
2016-04-17 12:55:35,016 [Thread-51:5152] [blog.views:57] [views:archive] [ERROR]- unsupported operand type(s) for +: 'NoneType' and 'str'
2016-04-17 12:55:41,230 [Thread-61:4844] [blog.views:57] [views:archive] [ERROR]- unsupported operand type(s) for +: 'NoneType' and 'str'
2016-04-17 12:56:38,157 [Thread-62:10228] [blog.views:57] [views:archive] [ERROR]- unsupported operand type(s) for +: 'NoneType' and 'str'
2016-04-17 12:56:40,168 [Thread-63:5412] [blog.views:57] [views:archive] [ERROR]- unsupported operand type(s) for +: 'NoneType' and 'str'
2016-04-17 12:56:42,319 [Thread-73:5456] [blog.views:57] [views:archive] [ERROR]- unsupported operand type(s) for +: 'NoneType' and 'str'
2016-04-17 12:56:44,750 [Thread-74:4372] [blog.views:57] [views:archive] [ERROR]- unsupported operand type(s) for +: 'NoneType' and 'str'
2016-04-17 12:57:03,293 [Thread-76:5424] [blog.views:57] [views:archive] [ERROR]- unsupported operand type(s) for +: 'NoneType' and 'str'
2016-04-17 16:39:06,953 [Thread-428:1696] [blog.views:99] [views:article] [ERROR]- invalid literal for int() with base 10: ''
2016-04-17 20:04:08,680 [Thread-13:10748] [blog.views:109] [views:article] [ERROR]- invalid literal for int() with base 10: ''
2016-04-17 20:04:17,663 [Thread-14:9416] [blog.views:109] [views:article] [ERROR]- invalid literal for int() with base 10: ''
2016-04-17 20:10:12,331 [Thread-67:7876] [blog.views:109] [views:article] [ERROR]- invalid literal for int() with base 10: ''
2016-04-17 20:21:43,236 [Thread-82:10452] [blog.views:109] [views:article] [ERROR]- invalid literal for int() with base 10: ''
2016-04-17 20:28:19,956 [Thread-94:4684] [blog.views:109] [views:article] [ERROR]- invalid literal for int() with base 10: ''
